<?xml version="1.0" encoding="UTF-8"?>
<robot generator="Robot 6.1.1 (Python 3.11.4 on win32)" generated="20230828 07:48:11.236" rpa="false" schemaversion="4">
<suite id="s1" name="mobileBstack" source="C:\Users\Kargo Technologies\Desktop\kerja\robotframework\mobileSauce\mobile\mobileBstack.robot">
<test id="s1-t1" name="user login with correct account" line="10">
<kw name="Open Test Application">
<kw name="Open Application" library="AppiumLibrary">
<arg>${REMOTE_URL}</arg>
<arg>app=bs://18970685fc75d08a226a8c694ccfddd08cf753c6</arg>
<arg>name=single_test</arg>
<arg>build=RobotFramework</arg>
<arg>platformName=Android</arg>
<arg>os_version=12.0</arg>
<arg>deviceName=Samsung Galaxy S21</arg>
<doc>Opens a new application to given Appium server.
Capabilities of appium server, Android and iOS,
Please check https://github.com/appium/appium/blob/master/docs/en/writing-running-appium/server-args.md
| *Option*            | *Man.* | *Description*     |
| remote_url          | Yes    | Appium server url |
| alias               | no     | alias             |
| strict_ssl          | No     | allows you to send commands to an invalid certificate host like a self-signed one. |</doc>
<status status="PASS" starttime="20230828 07:48:11.417" endtime="20230828 07:48:33.658"/>
</kw>
<status status="PASS" starttime="20230828 07:48:11.417" endtime="20230828 07:48:33.658"/>
</kw>
<kw name="Sleep" library="BuiltIn">
<arg>5s</arg>
<doc>Pauses the test executed for the given time.</doc>
<msg timestamp="20230828 07:48:38.660" level="INFO">Slept 5 seconds</msg>
<status status="PASS" starttime="20230828 07:48:33.659" endtime="20230828 07:48:38.660"/>
</kw>
<kw name="Wait Until Element Is Visible" library="AppiumLibrary">
<arg>xpath=//android.widget.EditText[@content-desc="test-Username"]</arg>
<doc>Waits until element specified with `locator` is visible.</doc>
<msg timestamp="20230828 07:48:39.456" level="INFO">xpath criteria: //android.widget.EditText[@content-desc="test-Username"]</msg>
<status status="PASS" starttime="20230828 07:48:38.661" endtime="20230828 07:48:39.456"/>
</kw>
<kw name="Input Text" library="AppiumLibrary">
<arg>xpath=//android.widget.EditText[@content-desc="test-Username"]</arg>
<arg>standard_user</arg>
<doc>Types the given `text` into text field identified by `locator`.</doc>
<msg timestamp="20230828 07:48:39.458" level="INFO">Typing text 'standard_user' into text field 'xpath=//android.widget.EditText[@content-desc="test-Username"]'</msg>
<msg timestamp="20230828 07:48:40.668" level="INFO">xpath criteria: //android.widget.EditText[@content-desc="test-Username"]</msg>
<status status="PASS" starttime="20230828 07:48:39.456" endtime="20230828 07:48:40.668"/>
</kw>
<kw name="Input Text" library="AppiumLibrary">
<arg>xpath=//android.widget.EditText[@content-desc="test-Password"]</arg>
<arg>${password}</arg>
<doc>Types the given `text` into text field identified by `locator`.</doc>
<msg timestamp="20230828 07:48:40.671" level="INFO">Typing text 'secret_sauce' into text field 'xpath=//android.widget.EditText[@content-desc="test-Password"]'</msg>
<msg timestamp="20230828 07:48:42.466" level="INFO">xpath criteria: //android.widget.EditText[@content-desc="test-Password"]</msg>
<status status="PASS" starttime="20230828 07:48:40.669" endtime="20230828 07:48:42.466"/>
</kw>
<kw name="Click Element" library="AppiumLibrary">
<arg>xpath=//android.view.ViewGroup[@content-desc="test-LOGIN"]</arg>
<doc>Click element identified by `locator`.</doc>
<msg timestamp="20230828 07:48:42.468" level="INFO">Clicking element 'xpath=//android.view.ViewGroup[@content-desc="test-LOGIN"]'.</msg>
<msg timestamp="20230828 07:48:43.376" level="INFO">xpath criteria: //android.view.ViewGroup[@content-desc="test-LOGIN"]</msg>
<status status="PASS" starttime="20230828 07:48:42.467" endtime="20230828 07:48:43.377"/>
</kw>
<kw name="Wait Until Element Is Visible" library="AppiumLibrary">
<arg>xpath=//android.widget.TextView[@text="PRODUCTS"]</arg>
<doc>Waits until element specified with `locator` is visible.</doc>
<msg timestamp="20230828 07:48:44.819" level="INFO">xpath criteria: //android.widget.TextView[@text="PRODUCTS"]</msg>
<status status="PASS" starttime="20230828 07:48:43.377" endtime="20230828 07:48:44.819"/>
</kw>
<kw name="Click Element" library="AppiumLibrary">
<arg>xpath=//android.view.ViewGroup[@content-desc="test-Menu"]/android.view.ViewGroup/android.widget.ImageView</arg>
<doc>Click element identified by `locator`.</doc>
<msg timestamp="20230828 07:48:44.821" level="INFO">Clicking element 'xpath=//android.view.ViewGroup[@content-desc="test-Menu"]/android.view.ViewGroup/android.widget.ImageView'.</msg>
<msg timestamp="20230828 07:48:45.536" level="INFO">xpath criteria: //android.view.ViewGroup[@content-desc="test-Menu"]/android.view.ViewGroup/android.widget.ImageView</msg>
<status status="PASS" starttime="20230828 07:48:44.819" endtime="20230828 07:48:45.536"/>
</kw>
<kw name="Wait Until Element Is Visible" library="AppiumLibrary">
<arg>xpath=//android.view.ViewGroup[@content-desc="test-LOGOUT"]/android.widget.TextView</arg>
<doc>Waits until element specified with `locator` is visible.</doc>
<msg timestamp="20230828 07:48:47.445" level="INFO">xpath criteria: //android.view.ViewGroup[@content-desc="test-LOGOUT"]/android.widget.TextView</msg>
<status status="PASS" starttime="20230828 07:48:45.537" endtime="20230828 07:48:47.445"/>
</kw>
<kw name="Click Element" library="AppiumLibrary">
<arg>xpath=//android.view.ViewGroup[@content-desc="test-LOGOUT"]/android.widget.TextView</arg>
<doc>Click element identified by `locator`.</doc>
<msg timestamp="20230828 07:48:47.449" level="INFO">Clicking element 'xpath=//android.view.ViewGroup[@content-desc="test-LOGOUT"]/android.widget.TextView'.</msg>
<msg timestamp="20230828 07:48:48.178" level="INFO">xpath criteria: //android.view.ViewGroup[@content-desc="test-LOGOUT"]/android.widget.TextView</msg>
<status status="PASS" starttime="20230828 07:48:47.446" endtime="20230828 07:48:48.178"/>
</kw>
<kw name="Wait Until Element Is Visible" library="AppiumLibrary">
<arg>xpath=//android.view.ViewGroup[@content-desc="test-LOGIN"]</arg>
<doc>Waits until element specified with `locator` is visible.</doc>
<msg timestamp="20230828 07:48:50.185" level="INFO">xpath criteria: //android.view.ViewGroup[@content-desc="test-LOGIN"]</msg>
<status status="PASS" starttime="20230828 07:48:48.178" endtime="20230828 07:48:50.187"/>
</kw>
<kw name="Element Should Be Visible" library="AppiumLibrary">
<arg>xpath=//android.view.ViewGroup[@content-desc="test-LOGIN"]</arg>
<doc>Verifies that element identified with locator is visible.</doc>
<msg timestamp="20230828 07:48:50.825" level="INFO">xpath criteria: //android.view.ViewGroup[@content-desc="test-LOGIN"]</msg>
<status status="PASS" starttime="20230828 07:48:50.187" endtime="20230828 07:48:50.825"/>
</kw>
<kw name="Close Application" library="AppiumLibrary" type="TEARDOWN">
<doc>Closes the current application and also close webdriver session.</doc>
<status status="PASS" starttime="20230828 07:48:50.826" endtime="20230828 07:48:52.396"/>
</kw>
<timeout value="2 minutes"/>
<status status="PASS" starttime="20230828 07:48:11.416" endtime="20230828 07:48:52.397"/>
</test>
<test id="s1-t2" name="login with incorrect account" line="29">
<kw name="Open Test Application">
<kw name="Open Application" library="AppiumLibrary">
<arg>${REMOTE_URL}</arg>
<arg>app=bs://18970685fc75d08a226a8c694ccfddd08cf753c6</arg>
<arg>name=single_test</arg>
<arg>build=RobotFramework</arg>
<arg>platformName=Android</arg>
<arg>os_version=12.0</arg>
<arg>deviceName=Samsung Galaxy S21</arg>
<doc>Opens a new application to given Appium server.
Capabilities of appium server, Android and iOS,
Please check https://github.com/appium/appium/blob/master/docs/en/writing-running-appium/server-args.md
| *Option*            | *Man.* | *Description*     |
| remote_url          | Yes    | Appium server url |
| alias               | no     | alias             |
| strict_ssl          | No     | allows you to send commands to an invalid certificate host like a self-signed one. |</doc>
<status status="PASS" starttime="20230828 07:48:52.398" endtime="20230828 07:49:12.628"/>
</kw>
<status status="PASS" starttime="20230828 07:48:52.398" endtime="20230828 07:49:12.628"/>
</kw>
<kw name="Sleep" library="BuiltIn">
<arg>5s</arg>
<doc>Pauses the test executed for the given time.</doc>
<msg timestamp="20230828 07:49:17.630" level="INFO">Slept 5 seconds</msg>
<status status="PASS" starttime="20230828 07:49:12.628" endtime="20230828 07:49:17.630"/>
</kw>
<kw name="Wait Until Element Is Visible" library="AppiumLibrary">
<arg>xpath=//android.widget.EditText[@content-desc="test-Username"]</arg>
<doc>Waits until element specified with `locator` is visible.</doc>
<msg timestamp="20230828 07:49:18.346" level="INFO">xpath criteria: //android.widget.EditText[@content-desc="test-Username"]</msg>
<status status="PASS" starttime="20230828 07:49:17.631" endtime="20230828 07:49:18.346"/>
</kw>
<kw name="Input Text" library="AppiumLibrary">
<arg>xpath=//android.widget.EditText[@content-desc="test-Username"]</arg>
<arg>randomacc</arg>
<doc>Types the given `text` into text field identified by `locator`.</doc>
<msg timestamp="20230828 07:49:18.349" level="INFO">Typing text 'randomacc' into text field 'xpath=//android.widget.EditText[@content-desc="test-Username"]'</msg>
<msg timestamp="20230828 07:49:19.275" level="INFO">xpath criteria: //android.widget.EditText[@content-desc="test-Username"]</msg>
<status status="PASS" starttime="20230828 07:49:18.347" endtime="20230828 07:49:19.275"/>
</kw>
<kw name="Input Text" library="AppiumLibrary">
<arg>xpath=//android.widget.EditText[@content-desc="test-Password"]</arg>
<arg>${password}</arg>
<doc>Types the given `text` into text field identified by `locator`.</doc>
<msg timestamp="20230828 07:49:19.277" level="INFO">Typing text 'secret_sauce' into text field 'xpath=//android.widget.EditText[@content-desc="test-Password"]'</msg>
<msg timestamp="20230828 07:49:20.127" level="INFO">xpath criteria: //android.widget.EditText[@content-desc="test-Password"]</msg>
<status status="PASS" starttime="20230828 07:49:19.276" endtime="20230828 07:49:20.127"/>
</kw>
<kw name="Click Element" library="AppiumLibrary">
<arg>xpath=//android.view.ViewGroup[@content-desc="test-LOGIN"]</arg>
<doc>Click element identified by `locator`.</doc>
<msg timestamp="20230828 07:49:20.129" level="INFO">Clicking element 'xpath=//android.view.ViewGroup[@content-desc="test-LOGIN"]'.</msg>
<msg timestamp="20230828 07:49:21.016" level="INFO">xpath criteria: //android.view.ViewGroup[@content-desc="test-LOGIN"]</msg>
<status status="PASS" starttime="20230828 07:49:20.127" endtime="20230828 07:49:21.017"/>
</kw>
<kw name="Wait Until Element Is Visible" library="AppiumLibrary">
<arg>xpath=//android.view.ViewGroup[@content-desc="test-Error message"]/android.widget.TextView</arg>
<doc>Waits until element specified with `locator` is visible.</doc>
<msg timestamp="20230828 07:49:21.995" level="INFO">xpath criteria: //android.view.ViewGroup[@content-desc="test-Error message"]/android.widget.TextView</msg>
<status status="PASS" starttime="20230828 07:49:21.017" endtime="20230828 07:49:21.995"/>
</kw>
<kw name="Element Should Be Visible" library="AppiumLibrary">
<arg>xpath=//android.view.ViewGroup[@content-desc="test-Error message"]/android.widget.TextView</arg>
<doc>Verifies that element identified with locator is visible.</doc>
<msg timestamp="20230828 07:49:22.642" level="INFO">xpath criteria: //android.view.ViewGroup[@content-desc="test-Error message"]/android.widget.TextView</msg>
<status status="PASS" starttime="20230828 07:49:21.996" endtime="20230828 07:49:22.642"/>
</kw>
<kw name="Close Application" library="AppiumLibrary" type="TEARDOWN">
<doc>Closes the current application and also close webdriver session.</doc>
<status status="PASS" starttime="20230828 07:49:22.643" endtime="20230828 07:49:25.096"/>
</kw>
<timeout value="2 minutes"/>
<status status="PASS" starttime="20230828 07:48:52.398" endtime="20230828 07:49:25.097"/>
</test>
<status status="PASS" starttime="20230828 07:48:11.237" endtime="20230828 07:49:25.100"/>
</suite>
<statistics>
<total>
<stat pass="2" fail="0" skip="0">All Tests</stat>
</total>
<tag>
</tag>
<suite>
<stat pass="2" fail="0" skip="0" id="s1" name="mobileBstack">mobileBstack</stat>
</suite>
</statistics>
<errors>
</errors>
</robot>
